<?xml version="1.0" encoding="UTF-8"?>
<!-- Generated by org.testng.reporters.JUnitReportReporter -->
<testsuite hostname="ARPGL006737" name="DataProviderTest" tests="3" failures="0" timestamp="13 Feb 2023 03:09:02 GMT" time="0.005" errors="0">
  <testcase name="testDataProviderMethod" time="0.000" classname="DataProviderTest"/>
  <testcase name="testDataProviderMethod" time="0.005" classname="DataProviderTest"/>
  <testcase name="testDataProviderMethod" time="0.000" classname="DataProviderTest"/>
</testsuite> <!-- DataProviderTest -->
