<?xml version="1.0" encoding="UTF-8"?>
<!-- Generated by org.testng.reporters.JUnitReportReporter -->
<testsuite hostname="ARPGL006737" name="OpenBrowser" tests="1" failures="0" timestamp="13 Feb 2023 03:09:02 GMT" time="4.425" errors="0">
  <testcase name="openBrowserWithUrl" time="4.425" classname="OpenBrowser"/>
</testsuite> <!-- OpenBrowser -->
