<?xml version="1.0" encoding="UTF-8"?>
<!-- Generated by org.testng.reporters.JUnitReportReporter -->
<testsuite hostname="ARPGL006737" name="TestClass" tests="2" failures="0" timestamp="13 Feb 2023 03:09:02 GMT" time="10.015" errors="0">
  <testcase name="unitLevel1TestClass" time="5.006" classname="TestClass"/>
  <testcase name="unitLevel2TestClass" time="5.009" classname="TestClass"/>
</testsuite> <!-- TestClass -->
